[2020-11-18T01:08:41.048] [ERROR] default - connect ECONNREFUSED 127.0.0.1:80
[2020-11-18T01:10:30.943] [ERROR] default - connect ECONNREFUSED 127.0.0.1:80
[2020-11-18T01:11:02.004] [ERROR] default - { Error: connect ECONNREFUSED 127.0.0.1:80
    at TCPConnectWrap.afterConnect [as oncomplete] (net.js:1106:14)
  errno: 'ECONNREFUSED',
  code: 'ECONNREFUSED',
  syscall: 'connect',
  address: '127.0.0.1',
  port: 80,
  config:
   { url: 'http://127.0.0.1/basic/web/index.php?r=book',
     method: 'get',
     headers:
      { Accept: 'application/json, text/plain, */*',
        'User-Agent': 'axios/0.21.0' },
     transformRequest: [ [Function: transformRequest] ],
     transformResponse: [ [Function: transformResponse] ],
     timeout: 60000,
     adapter: [Function: httpAdapter],
     xsrfCookieName: 'XSRF-TOKEN',
     xsrfHeaderName: 'X-XSRF-TOKEN',
     maxContentLength: -1,
     maxBodyLength: -1,
     validateStatus: [Function: validateStatus],
     data: undefined },
  request:
   Writable {
     _writableState:
      WritableState {
        objectMode: false,
        highWaterMark: 16384,
        finalCalled: false,
        needDrain: false,
        ending: false,
        ended: false,
        finished: false,
        destroyed: false,
        decodeStrings: true,
        defaultEncoding: 'utf8',
        length: 0,
        writing: false,
        corked: 0,
        sync: true,
        bufferProcessing: false,
        onwrite: [Function: bound onwrite],
        writecb: null,
        writelen: 0,
        bufferedRequest: null,
        lastBufferedRequest: null,
        pendingcb: 0,
        prefinished: false,
        errorEmitted: false,
        emitClose: true,
        autoDestroy: false,
        bufferedRequestCount: 0,
        corkedRequestsFree: [Object] },
     writable: true,
     domain: null,
     _events:
      [Object: null prototype] {
        response: [Array],
        error: [Function: handleRequestError],
        timeout: [Function] },
     _eventsCount: 3,
     _maxListeners: undefined,
     _options:
      { maxRedirects: 21,
        maxBodyLength: 10485760,
        protocol: 'http:',
        path: '/basic/web/index.php?r=book',
        method: 'GET',
        headers: [Object],
        agent: undefined,
        agents: [Object],
        auth: undefined,
        hostname: '127.0.0.1',
        port: null,
        nativeProtocols: [Object],
        pathname: '/basic/web/index.php',
        search: '?r=book' },
     _ended: true,
     _ending: true,
     _redirectCount: 0,
     _redirects: [],
     _requestBodyLength: 0,
     _requestBodyBuffers: [],
     _onNativeResponse: [Function],
     _currentRequest:
      ClientRequest {
        domain: null,
        _events: [Object],
        _eventsCount: 7,
        _maxListeners: undefined,
        output: [],
        outputEncodings: [],
        outputCallbacks: [],
        outputSize: 0,
        writable: true,
        _last: true,
        chunkedEncoding: false,
        shouldKeepAlive: false,
        useChunkedEncodingByDefault: false,
        sendDate: false,
        _removedConnection: false,
        _removedContLen: false,
        _removedTE: false,
        _contentLength: 0,
        _hasBody: true,
        _trailer: '',
        finished: true,
        _headerSent: true,
        socket: [Socket],
        connection: [Socket],
        _header:
         'GET /basic/web/index.php?r=book HTTP/1.1\r\nAccept: application/json, text/plain, */*\r\nUser-Agent: axios/0.21.0\r\nHost: 127.0.0.1\r\nConnection: close\r\n\r\n',
        _onPendingData: [Function: noopPendingOutput],
        agent: [Agent],
        socketPath: undefined,
        timeout: undefined,
        method: 'GET',
        path: '/basic/web/index.php?r=book',
        _ended: false,
        res: null,
        aborted: undefined,
        timeoutCb: null,
        upgradeOrConnect: false,
        parser: null,
        maxHeadersCount: null,
        _redirectable: [Circular],
        [Symbol(isCorked)]: false,
        [Symbol(outHeadersKey)]: [Object] },
     _currentUrl: 'http://127.0.0.1/basic/web/index.php?r=book',
     _timeout:
      Timeout {
        _called: false,
        _idleTimeout: -1,
        _idlePrev: null,
        _idleNext: null,
        _idleStart: 4389,
        _onTimeout: null,
        _timerArgs: undefined,
        _repeat: null,
        _destroyed: false,
        [Symbol(unrefed)]: false,
        [Symbol(asyncId)]: 38,
        [Symbol(triggerId)]: 34 } },
  response: undefined,
  isAxiosError: true,
  toJSON: [Function: toJSON] }
[2020-11-18T01:11:51.841] [ERROR] default - { Error: connect ECONNREFUSED 127.0.0.1:80
    at TCPConnectWrap.afterConnect [as oncomplete] (net.js:1106:14)
  errno: 'ECONNREFUSED',
  code: 'ECONNREFUSED',
  syscall: 'connect',
  address: '127.0.0.1',
  port: 80,
  config:
   { url: 'http://127.0.0.1/basic/web/index.php?r=book',
     method: 'get',
     headers:
      { Accept: 'application/json, text/plain, */*',
        'User-Agent': 'axios/0.21.0' },
     transformRequest: [ [Function: transformRequest] ],
     transformResponse: [ [Function: transformResponse] ],
     timeout: 60000,
     adapter: [Function: httpAdapter],
     xsrfCookieName: 'XSRF-TOKEN',
     xsrfHeaderName: 'X-XSRF-TOKEN',
     maxContentLength: -1,
     maxBodyLength: -1,
     validateStatus: [Function: validateStatus],
     data: undefined },
  request:
   Writable {
     _writableState:
      WritableState {
        objectMode: false,
        highWaterMark: 16384,
        finalCalled: false,
        needDrain: false,
        ending: false,
        ended: false,
        finished: false,
        destroyed: false,
        decodeStrings: true,
        defaultEncoding: 'utf8',
        length: 0,
        writing: false,
        corked: 0,
        sync: true,
        bufferProcessing: false,
        onwrite: [Function: bound onwrite],
        writecb: null,
        writelen: 0,
        bufferedRequest: null,
        lastBufferedRequest: null,
        pendingcb: 0,
        prefinished: false,
        errorEmitted: false,
        emitClose: true,
        autoDestroy: false,
        bufferedRequestCount: 0,
        corkedRequestsFree: [Object] },
     writable: true,
     domain: null,
     _events:
      [Object: null prototype] {
        response: [Array],
        error: [Function: handleRequestError],
        timeout: [Function] },
     _eventsCount: 3,
     _maxListeners: undefined,
     _options:
      { maxRedirects: 21,
        maxBodyLength: 10485760,
        protocol: 'http:',
        path: '/basic/web/index.php?r=book',
        method: 'GET',
        headers: [Object],
        agent: undefined,
        agents: [Object],
        auth: undefined,
        hostname: '127.0.0.1',
        port: null,
        nativeProtocols: [Object],
        pathname: '/basic/web/index.php',
        search: '?r=book' },
     _ended: true,
     _ending: true,
     _redirectCount: 0,
     _redirects: [],
     _requestBodyLength: 0,
     _requestBodyBuffers: [],
     _onNativeResponse: [Function],
     _currentRequest:
      ClientRequest {
        domain: null,
        _events: [Object],
        _eventsCount: 7,
        _maxListeners: undefined,
        output: [],
        outputEncodings: [],
        outputCallbacks: [],
        outputSize: 0,
        writable: true,
        _last: true,
        chunkedEncoding: false,
        shouldKeepAlive: false,
        useChunkedEncodingByDefault: false,
        sendDate: false,
        _removedConnection: false,
        _removedContLen: false,
        _removedTE: false,
        _contentLength: 0,
        _hasBody: true,
        _trailer: '',
        finished: true,
        _headerSent: true,
        socket: [Socket],
        connection: [Socket],
        _header:
         'GET /basic/web/index.php?r=book HTTP/1.1\r\nAccept: application/json, text/plain, */*\r\nUser-Agent: axios/0.21.0\r\nHost: 127.0.0.1\r\nConnection: close\r\n\r\n',
        _onPendingData: [Function: noopPendingOutput],
        agent: [Agent],
        socketPath: undefined,
        timeout: undefined,
        method: 'GET',
        path: '/basic/web/index.php?r=book',
        _ended: false,
        res: null,
        aborted: undefined,
        timeoutCb: null,
        upgradeOrConnect: false,
        parser: null,
        maxHeadersCount: null,
        _redirectable: [Circular],
        [Symbol(isCorked)]: false,
        [Symbol(outHeadersKey)]: [Object] },
     _currentUrl: 'http://127.0.0.1/basic/web/index.php?r=book',
     _timeout:
      Timeout {
        _called: false,
        _idleTimeout: -1,
        _idlePrev: null,
        _idleNext: null,
        _idleStart: 54229,
        _onTimeout: null,
        _timerArgs: undefined,
        _repeat: null,
        _destroyed: false,
        [Symbol(unrefed)]: false,
        [Symbol(asyncId)]: 88,
        [Symbol(triggerId)]: 84 } },
  response: undefined,
  isAxiosError: true,
  toJSON: [Function: toJSON] }
[2020-11-18T01:12:25.806] [ERROR] default - connect ECONNREFUSED 127.0.0.1:80
[2020-11-18T01:15:28.101] [ERROR] default - connect ECONNREFUSED 127.0.0.1:80
[2020-11-18T01:16:48.507] [ERROR] default - connect ECONNREFUSED 127.0.0.1:80
[2020-11-18T01:17:24.834] [ERROR] default - connect ECONNREFUSED 127.0.0.1:80
[2020-11-18T01:18:06.501] [ERROR] default - connect ECONNREFUSED 127.0.0.1:80
[2020-11-18T01:18:50.948] [ERROR] default - connect ECONNREFUSED 127.0.0.1:80
[2020-11-18T01:22:18.968] [ERROR] default - connect ECONNREFUSED 127.0.0.1:80
[2020-11-18T01:24:00.058] [ERROR] default - connect ECONNREFUSED 127.0.0.1:80
[2020-11-18T01:25:25.703] [ERROR] default - connect ECONNREFUSED 127.0.0.1:80
[2020-11-18T01:25:53.536] [ERROR] default - connect ECONNREFUSED 127.0.0.1:80
[2020-11-18T01:37:05.345] [ERROR] default - connect ECONNREFUSED 127.0.0.1:80
[2020-11-18T01:42:10.023] [ERROR] default - connect ECONNREFUSED 127.0.0.1:80
[2020-11-18T01:42:51.532] [ERROR] default - connect ECONNREFUSED 127.0.0.1:80
